20:36:03.897 [main] DEBUG org.apache.poi.openxml4j.opc.PackageRelationshipCollection -Parsing relationship: /xl/worksheets/_rels/sheet2.xml.rels
20:36:03.946 [main] DEBUG org.apache.poi.openxml4j.opc.PackageRelationshipCollection -Parsing relationship: /_rels/.rels
20:36:04.014 [main] DEBUG org.apache.poi.openxml4j.opc.PackageRelationshipCollection -Parsing relationship: /xl/_rels/workbook.xml.rels
20:36:04.015 [main] DEBUG org.apache.poi.openxml4j.opc.PackageRelationshipCollection -Parsing relationship: /xl/worksheets/_rels/sheet1.xml.rels
20:36:04.017 [main] DEBUG org.apache.poi.openxml4j.opc.PackageRelationshipCollection -Parsing relationship: /xl/worksheets/_rels/sheet2.xml.rels
20:36:04.020 [main] DEBUG org.apache.poi.openxml4j.opc.PackageRelationshipCollection -Parsing relationship: /_rels/.rels
20:36:04.113 [main] DEBUG org.apache.poi.openxml4j.opc.PackageRelationshipCollection -Parsing relationship: /xl/_rels/workbook.xml.rels
20:36:04.114 [main] DEBUG org.apache.poi.openxml4j.opc.PackageRelationshipCollection -Parsing relationship: /xl/worksheets/_rels/sheet1.xml.rels
20:36:04.116 [main] DEBUG org.apache.poi.openxml4j.opc.PackageRelationshipCollection -Parsing relationship: /xl/worksheets/_rels/sheet2.xml.rels
20:36:04.126 [main] DEBUG org.apache.poi.openxml4j.opc.PackageRelationshipCollection -Parsing relationship: /_rels/.rels
20:36:04.200 [main] DEBUG org.apache.poi.openxml4j.opc.PackageRelationshipCollection -Parsing relationship: /xl/_rels/workbook.xml.rels
20:36:04.206 [main] DEBUG org.apache.poi.openxml4j.opc.PackageRelationshipCollection -Parsing relationship: /xl/worksheets/_rels/sheet1.xml.rels
20:36:04.208 [main] DEBUG org.apache.poi.openxml4j.opc.PackageRelationshipCollection -Parsing relationship: /xl/worksheets/_rels/sheet2.xml.rels
20:36:04.209 [main] DEBUG org.apache.poi.openxml4j.opc.PackageRelationshipCollection -Parsing relationship: /_rels/.rels
20:36:04.310 [main] DEBUG org.apache.poi.openxml4j.opc.PackageRelationshipCollection -Parsing relationship: /xl/_rels/workbook.xml.rels
20:36:04.312 [main] DEBUG org.apache.poi.openxml4j.opc.PackageRelationshipCollection -Parsing relationship: /xl/worksheets/_rels/sheet1.xml.rels
20:36:04.314 [main] DEBUG org.apache.poi.openxml4j.opc.PackageRelationshipCollection -Parsing relationship: /xl/worksheets/_rels/sheet2.xml.rels
20:36:04.315 [main] DEBUG org.apache.poi.openxml4j.opc.PackageRelationshipCollection -Parsing relationship: /_rels/.rels
20:36:04.398 [main] DEBUG org.apache.poi.openxml4j.opc.PackageRelationshipCollection -Parsing relationship: /xl/_rels/workbook.xml.rels
20:36:04.399 [main] DEBUG org.apache.poi.openxml4j.opc.PackageRelationshipCollection -Parsing relationship: /xl/worksheets/_rels/sheet1.xml.rels
20:36:04.408 [main] DEBUG org.apache.poi.openxml4j.opc.PackageRelationshipCollection -Parsing relationship: /xl/worksheets/_rels/sheet2.xml.rels
20:36:04.409 [main] DEBUG org.apache.poi.openxml4j.opc.PackageRelationshipCollection -Parsing relationship: /_rels/.rels
20:36:04.478 [main] DEBUG org.apache.poi.openxml4j.opc.PackageRelationshipCollection -Parsing relationship: /xl/_rels/workbook.xml.rels
20:36:04.479 [main] DEBUG org.apache.poi.openxml4j.opc.PackageRelationshipCollection -Parsing relationship: /xl/worksheets/_rels/sheet1.xml.rels
20:36:04.481 [main] DEBUG org.apache.poi.openxml4j.opc.PackageRelationshipCollection -Parsing relationship: /xl/worksheets/_rels/sheet2.xml.rels
20:36:04.482 [main] DEBUG org.apache.poi.openxml4j.opc.PackageRelationshipCollection -Parsing relationship: /_rels/.rels
20:36:04.527 [main] DEBUG org.apache.poi.openxml4j.opc.PackageRelationshipCollection -Parsing relationship: /xl/_rels/workbook.xml.rels
20:36:04.528 [main] DEBUG org.apache.poi.openxml4j.opc.PackageRelationshipCollection -Parsing relationship: /xl/worksheets/_rels/sheet1.xml.rels
20:36:04.529 [main] DEBUG org.apache.poi.openxml4j.opc.PackageRelationshipCollection -Parsing relationship: /xl/worksheets/_rels/sheet2.xml.rels
20:36:04.531 [main] DEBUG org.apache.poi.openxml4j.opc.PackageRelationshipCollection -Parsing relationship: /_rels/.rels
20:36:04.598 [main] DEBUG org.apache.poi.openxml4j.opc.PackageRelationshipCollection -Parsing relationship: /xl/_rels/workbook.xml.rels
20:36:04.599 [main] DEBUG org.apache.poi.openxml4j.opc.PackageRelationshipCollection -Parsing relationship: /xl/worksheets/_rels/sheet1.xml.rels
20:36:04.601 [main] DEBUG org.apache.poi.openxml4j.opc.PackageRelationshipCollection -Parsing relationship: /xl/worksheets/_rels/sheet2.xml.rels
20:36:04.604 [main] DEBUG org.apache.poi.openxml4j.opc.PackageRelationshipCollection -Parsing relationship: /_rels/.rels
20:36:04.667 [main] DEBUG org.apache.poi.openxml4j.opc.PackageRelationshipCollection -Parsing relationship: /xl/_rels/workbook.xml.rels
20:36:04.683 [main] DEBUG org.apache.poi.openxml4j.opc.PackageRelationshipCollection -Parsing relationship: /xl/worksheets/_rels/sheet1.xml.rels
20:36:04.685 [main] DEBUG org.apache.poi.openxml4j.opc.PackageRelationshipCollection -Parsing relationship: /xl/worksheets/_rels/sheet2.xml.rels
20:36:04.696 [main] DEBUG org.apache.poi.openxml4j.opc.PackageRelationshipCollection -Parsing relationship: /_rels/.rels
20:36:04.747 [main] DEBUG org.apache.poi.openxml4j.opc.PackageRelationshipCollection -Parsing relationship: /xl/_rels/workbook.xml.rels
20:36:04.748 [main] DEBUG org.apache.poi.openxml4j.opc.PackageRelationshipCollection -Parsing relationship: /xl/worksheets/_rels/sheet1.xml.rels
20:36:04.749 [main] DEBUG org.apache.poi.openxml4j.opc.PackageRelationshipCollection -Parsing relationship: /xl/worksheets/_rels/sheet2.xml.rels
20:36:04.752 [main] DEBUG org.apache.poi.openxml4j.opc.PackageRelationshipCollection -Parsing relationship: /_rels/.rels
20:36:04.807 [main] DEBUG org.apache.poi.openxml4j.opc.PackageRelationshipCollection -Parsing relationship: /xl/_rels/workbook.xml.rels
20:36:04.808 [main] DEBUG org.apache.poi.openxml4j.opc.PackageRelationshipCollection -Parsing relationship: /xl/worksheets/_rels/sheet1.xml.rels
20:36:04.809 [main] DEBUG org.apache.poi.openxml4j.opc.PackageRelationshipCollection -Parsing relationship: /xl/worksheets/_rels/sheet2.xml.rels
20:36:04.810 [main] DEBUG org.apache.poi.openxml4j.opc.PackageRelationshipCollection -Parsing relationship: /_rels/.rels
20:36:04.847 [main] DEBUG org.apache.poi.openxml4j.opc.PackageRelationshipCollection -Parsing relationship: /xl/_rels/workbook.xml.rels
20:36:04.848 [main] DEBUG org.apache.poi.openxml4j.opc.PackageRelationshipCollection -Parsing relationship: /xl/worksheets/_rels/sheet1.xml.rels
20:36:04.867 [main] DEBUG org.apache.poi.openxml4j.opc.PackageRelationshipCollection -Parsing relationship: /xl/worksheets/_rels/sheet2.xml.rels
20:36:04.868 [main] DEBUG org.apache.poi.openxml4j.opc.PackageRelationshipCollection -Parsing relationship: /_rels/.rels
20:36:04.953 [main] DEBUG org.apache.poi.openxml4j.opc.PackageRelationshipCollection -Parsing relationship: /xl/_rels/workbook.xml.rels
20:36:04.962 [main] DEBUG org.apache.poi.openxml4j.opc.PackageRelationshipCollection -Parsing relationship: /xl/worksheets/_rels/sheet1.xml.rels
20:36:04.963 [main] DEBUG org.apache.poi.openxml4j.opc.PackageRelationshipCollection -Parsing relationship: /xl/worksheets/_rels/sheet2.xml.rels
20:36:04.964 [main] DEBUG org.apache.poi.openxml4j.opc.PackageRelationshipCollection -Parsing relationship: /_rels/.rels
20:36:05.014 [main] DEBUG org.apache.poi.openxml4j.opc.PackageRelationshipCollection -Parsing relationship: /xl/_rels/workbook.xml.rels
20:36:05.015 [main] DEBUG org.apache.poi.openxml4j.opc.PackageRelationshipCollection -Parsing relationship: /xl/worksheets/_rels/sheet1.xml.rels
20:36:05.017 [main] DEBUG org.apache.poi.openxml4j.opc.PackageRelationshipCollection -Parsing relationship: /xl/worksheets/_rels/sheet2.xml.rels
20:36:05.018 [main] DEBUG org.apache.poi.openxml4j.opc.PackageRelationshipCollection -Parsing relationship: /_rels/.rels
20:36:05.097 [main] DEBUG org.apache.poi.openxml4j.opc.PackageRelationshipCollection -Parsing relationship: /xl/_rels/workbook.xml.rels
20:36:05.098 [main] DEBUG org.apache.poi.openxml4j.opc.PackageRelationshipCollection -Parsing relationship: /xl/worksheets/_rels/sheet1.xml.rels
20:36:05.099 [main] DEBUG org.apache.poi.openxml4j.opc.PackageRelationshipCollection -Parsing relationship: /xl/worksheets/_rels/sheet2.xml.rels
20:36:05.101 [main] DEBUG org.apache.poi.openxml4j.opc.PackageRelationshipCollection -Parsing relationship: /_rels/.rels
20:36:05.152 [main] DEBUG org.apache.poi.openxml4j.opc.PackageRelationshipCollection -Parsing relationship: /xl/_rels/workbook.xml.rels
20:36:05.153 [main] DEBUG org.apache.poi.openxml4j.opc.PackageRelationshipCollection -Parsing relationship: /xl/worksheets/_rels/sheet1.xml.rels
20:36:05.164 [main] DEBUG org.apache.poi.openxml4j.opc.PackageRelationshipCollection -Parsing relationship: /xl/worksheets/_rels/sheet2.xml.rels
20:36:05.165 [main] DEBUG org.apache.poi.openxml4j.opc.PackageRelationshipCollection -Parsing relationship: /_rels/.rels
20:36:05.203 [main] DEBUG org.apache.poi.openxml4j.opc.PackageRelationshipCollection -Parsing relationship: /xl/_rels/workbook.xml.rels
20:36:05.204 [main] DEBUG org.apache.poi.openxml4j.opc.PackageRelationshipCollection -Parsing relationship: /xl/worksheets/_rels/sheet1.xml.rels
20:36:05.206 [main] DEBUG org.apache.poi.openxml4j.opc.PackageRelationshipCollection -Parsing relationship: /xl/worksheets/_rels/sheet2.xml.rels
20:36:05.208 [main] DEBUG org.apache.poi.openxml4j.opc.PackageRelationshipCollection -Parsing relationship: /_rels/.rels
20:36:05.252 [main] DEBUG org.apache.poi.openxml4j.opc.PackageRelationshipCollection -Parsing relationship: /xl/_rels/workbook.xml.rels
20:36:05.253 [main] DEBUG org.apache.poi.openxml4j.opc.PackageRelationshipCollection -Parsing relationship: /xl/worksheets/_rels/sheet1.xml.rels
20:36:05.261 [main] DEBUG org.apache.poi.openxml4j.opc.PackageRelationshipCollection -Parsing relationship: /xl/worksheets/_rels/sheet2.xml.rels
20:36:05.262 [main] DEBUG org.apache.poi.openxml4j.opc.PackageRelationshipCollection -Parsing relationship: /_rels/.rels
20:36:05.368 [main] DEBUG org.apache.poi.openxml4j.opc.PackageRelationshipCollection -Parsing relationship: /xl/_rels/workbook.xml.rels
20:36:05.370 [main] DEBUG org.apache.poi.openxml4j.opc.PackageRelationshipCollection -Parsing relationship: /xl/worksheets/_rels/sheet1.xml.rels
20:36:05.375 [main] DEBUG org.apache.poi.openxml4j.opc.PackageRelationshipCollection -Parsing relationship: /xl/worksheets/_rels/sheet2.xml.rels
20:36:05.377 [main] DEBUG org.apache.poi.openxml4j.opc.PackageRelationshipCollection -Parsing relationship: /_rels/.rels
20:36:05.504 [main] DEBUG org.apache.poi.openxml4j.opc.PackageRelationshipCollection -Parsing relationship: /xl/_rels/workbook.xml.rels
20:36:05.508 [main] DEBUG org.apache.poi.openxml4j.opc.PackageRelationshipCollection -Parsing relationship: /xl/worksheets/_rels/sheet1.xml.rels
20:36:05.511 [main] DEBUG org.apache.poi.openxml4j.opc.PackageRelationshipCollection -Parsing relationship: /xl/worksheets/_rels/sheet2.xml.rels
20:36:05.513 [main] DEBUG org.apache.poi.openxml4j.opc.PackageRelationshipCollection -Parsing relationship: /_rels/.rels
20:36:05.616 [main] DEBUG org.apache.poi.openxml4j.opc.PackageRelationshipCollection -Parsing relationship: /xl/_rels/workbook.xml.rels
20:36:05.618 [main] DEBUG org.apache.poi.openxml4j.opc.PackageRelationshipCollection -Parsing relationship: /xl/worksheets/_rels/sheet1.xml.rels
20:36:05.619 [main] DEBUG org.apache.poi.openxml4j.opc.PackageRelationshipCollection -Parsing relationship: /xl/worksheets/_rels/sheet2.xml.rels
20:36:05.621 [main] DEBUG org.apache.poi.openxml4j.opc.PackageRelationshipCollection -Parsing relationship: /_rels/.rels
20:36:05.833 [main] DEBUG org.apache.poi.openxml4j.opc.PackageRelationshipCollection -Parsing relationship: /xl/_rels/workbook.xml.rels
20:36:05.834 [main] DEBUG org.apache.poi.openxml4j.opc.PackageRelationshipCollection -Parsing relationship: /xl/worksheets/_rels/sheet1.xml.rels
20:36:05.835 [main] DEBUG org.apache.poi.openxml4j.opc.PackageRelationshipCollection -Parsing relationship: /xl/worksheets/_rels/sheet2.xml.rels
20:36:05.837 [main] DEBUG org.apache.poi.openxml4j.opc.PackageRelationshipCollection -Parsing relationship: /_rels/.rels
20:36:06.032 [main] DEBUG org.apache.poi.openxml4j.opc.PackageRelationshipCollection -Parsing relationship: /xl/_rels/workbook.xml.rels
20:36:06.033 [main] DEBUG org.apache.poi.openxml4j.opc.PackageRelationshipCollection -Parsing relationship: /xl/worksheets/_rels/sheet1.xml.rels
20:36:06.033 [main] DEBUG org.apache.poi.openxml4j.opc.PackageRelationshipCollection -Parsing relationship: /xl/worksheets/_rels/sheet2.xml.rels
20:36:06.034 [main] DEBUG org.apache.poi.openxml4j.opc.PackageRelationshipCollection -Parsing relationship: /_rels/.rels
20:36:06.118 [main] DEBUG org.apache.poi.openxml4j.opc.PackageRelationshipCollection -Parsing relationship: /xl/_rels/workbook.xml.rels
20:36:06.119 [main] DEBUG org.apache.poi.openxml4j.opc.PackageRelationshipCollection -Parsing relationship: /xl/worksheets/_rels/sheet1.xml.rels
20:36:06.123 [main] DEBUG org.apache.poi.openxml4j.opc.PackageRelationshipCollection -Parsing relationship: /xl/worksheets/_rels/sheet2.xml.rels
20:36:06.135 [main] DEBUG org.apache.poi.openxml4j.opc.PackageRelationshipCollection -Parsing relationship: /_rels/.rels
20:36:06.211 [main] DEBUG org.apache.poi.openxml4j.opc.PackageRelationshipCollection -Parsing relationship: /xl/_rels/workbook.xml.rels
20:36:06.213 [main] DEBUG org.apache.poi.openxml4j.opc.PackageRelationshipCollection -Parsing relationship: /xl/worksheets/_rels/sheet1.xml.rels
20:36:06.214 [main] DEBUG org.apache.poi.openxml4j.opc.PackageRelationshipCollection -Parsing relationship: /xl/worksheets/_rels/sheet2.xml.rels
20:36:06.215 [main] DEBUG org.apache.poi.openxml4j.opc.PackageRelationshipCollection -Parsing relationship: /_rels/.rels
20:36:06.269 [main] DEBUG org.apache.poi.openxml4j.opc.PackageRelationshipCollection -Parsing relationship: /xl/_rels/workbook.xml.rels
20:36:06.270 [main] DEBUG org.apache.poi.openxml4j.opc.PackageRelationshipCollection -Parsing relationship: /xl/worksheets/_rels/sheet1.xml.rels
20:36:06.272 [main] DEBUG org.apache.poi.openxml4j.opc.PackageRelationshipCollection -Parsing relationship: /xl/worksheets/_rels/sheet2.xml.rels
20:36:06.275 [main] DEBUG org.apache.poi.openxml4j.opc.PackageRelationshipCollection -Parsing relationship: /_rels/.rels
20:36:06.319 [main] DEBUG org.apache.poi.openxml4j.opc.PackageRelationshipCollection -Parsing relationship: /xl/_rels/workbook.xml.rels
20:36:06.320 [main] DEBUG org.apache.poi.openxml4j.opc.PackageRelationshipCollection -Parsing relationship: /xl/worksheets/_rels/sheet1.xml.rels
20:36:06.322 [main] DEBUG org.apache.poi.openxml4j.opc.PackageRelationshipCollection -Parsing relationship: /xl/worksheets/_rels/sheet2.xml.rels
20:36:06.323 [main] DEBUG org.apache.poi.openxml4j.opc.PackageRelationshipCollection -Parsing relationship: /_rels/.rels
20:36:06.404 [main] DEBUG org.apache.poi.openxml4j.opc.PackageRelationshipCollection -Parsing relationship: /xl/_rels/workbook.xml.rels
20:36:06.406 [main] DEBUG org.apache.poi.openxml4j.opc.PackageRelationshipCollection -Parsing relationship: /xl/worksheets/_rels/sheet1.xml.rels
20:36:06.409 [main] DEBUG org.apache.poi.openxml4j.opc.PackageRelationshipCollection -Parsing relationship: /xl/worksheets/_rels/sheet2.xml.rels
20:36:06.410 [main] DEBUG org.apache.poi.openxml4j.opc.PackageRelationshipCollection -Parsing relationship: /_rels/.rels
20:36:06.516 [main] DEBUG org.apache.poi.openxml4j.opc.PackageRelationshipCollection -Parsing relationship: /xl/_rels/workbook.xml.rels
20:36:06.517 [main] DEBUG org.apache.poi.openxml4j.opc.PackageRelationshipCollection -Parsing relationship: /xl/worksheets/_rels/sheet1.xml.rels
20:36:06.519 [main] DEBUG org.apache.poi.openxml4j.opc.PackageRelationshipCollection -Parsing relationship: /xl/worksheets/_rels/sheet2.xml.rels
20:36:06.520 [main] DEBUG org.apache.poi.openxml4j.opc.PackageRelationshipCollection -Parsing relationship: /_rels/.rels
20:36:06.572 [main] DEBUG org.apache.poi.openxml4j.opc.PackageRelationshipCollection -Parsing relationship: /xl/_rels/workbook.xml.rels
20:36:06.573 [main] DEBUG org.apache.poi.openxml4j.opc.PackageRelationshipCollection -Parsing relationship: /xl/worksheets/_rels/sheet1.xml.rels
20:36:06.583 [main] DEBUG org.apache.poi.openxml4j.opc.PackageRelationshipCollection -Parsing relationship: /xl/worksheets/_rels/sheet2.xml.rels
20:36:06.585 [main] DEBUG org.apache.poi.openxml4j.opc.PackageRelationshipCollection -Parsing relationship: /_rels/.rels
20:36:06.637 [main] DEBUG org.apache.poi.openxml4j.opc.PackageRelationshipCollection -Parsing relationship: /xl/_rels/workbook.xml.rels
20:36:06.638 [main] DEBUG org.apache.poi.openxml4j.opc.PackageRelationshipCollection -Parsing relationship: /xl/worksheets/_rels/sheet1.xml.rels
20:36:06.639 [main] DEBUG org.apache.poi.openxml4j.opc.PackageRelationshipCollection -Parsing relationship: /xl/worksheets/_rels/sheet2.xml.rels
20:36:06.640 [main] DEBUG org.apache.poi.openxml4j.opc.PackageRelationshipCollection -Parsing relationship: /_rels/.rels
20:36:06.684 [main] DEBUG org.apache.poi.openxml4j.opc.PackageRelationshipCollection -Parsing relationship: /xl/_rels/workbook.xml.rels
20:36:06.685 [main] DEBUG org.apache.poi.openxml4j.opc.PackageRelationshipCollection -Parsing relationship: /xl/worksheets/_rels/sheet1.xml.rels
20:36:06.685 [main] DEBUG org.apache.poi.openxml4j.opc.PackageRelationshipCollection -Parsing relationship: /xl/worksheets/_rels/sheet2.xml.rels
20:36:06.686 [main] DEBUG org.apache.poi.openxml4j.opc.PackageRelationshipCollection -Parsing relationship: /_rels/.rels
20:36:06.715 [main] DEBUG org.apache.poi.openxml4j.opc.PackageRelationshipCollection -Parsing relationship: /xl/_rels/workbook.xml.rels
20:36:06.716 [main] DEBUG org.apache.poi.openxml4j.opc.PackageRelationshipCollection -Parsing relationship: /xl/worksheets/_rels/sheet1.xml.rels
20:36:06.717 [main] DEBUG org.apache.poi.openxml4j.opc.PackageRelationshipCollection -Parsing relationship: /xl/worksheets/_rels/sheet2.xml.rels
20:36:06.718 [main] DEBUG org.apache.poi.openxml4j.opc.PackageRelationshipCollection -Parsing relationship: /_rels/.rels
20:36:06.756 [main] DEBUG org.apache.poi.openxml4j.opc.PackageRelationshipCollection -Parsing relationship: /xl/_rels/workbook.xml.rels
20:36:06.757 [main] DEBUG org.apache.poi.openxml4j.opc.PackageRelationshipCollection -Parsing relationship: /xl/worksheets/_rels/sheet1.xml.rels
20:36:06.766 [main] DEBUG org.apache.poi.openxml4j.opc.PackageRelationshipCollection -Parsing relationship: /xl/worksheets/_rels/sheet2.xml.rels
20:36:06.767 [main] DEBUG org.apache.poi.openxml4j.opc.PackageRelationshipCollection -Parsing relationship: /_rels/.rels
20:36:06.856 [main] INFO  testCases.TC002_AccountRegistrationDDT -*******Starting Test Case TC001_AccountRegistrationTest**********
20:36:08.538 [main] INFO  testCases.TC002_AccountRegistrationDDT -********Providing customer details*********
20:36:11.682 [main] INFO  testCases.TC002_AccountRegistrationDDT -*******Starting Test Case TC001_AccountRegistrationTest**********
20:36:12.263 [main] INFO  testCases.TC002_AccountRegistrationDDT -********Providing customer details*********
20:36:14.456 [main] INFO  testCases.TC002_AccountRegistrationDDT -*******Starting Test Case TC001_AccountRegistrationTest**********
20:36:15.115 [main] INFO  testCases.TC002_AccountRegistrationDDT -********Providing customer details*********
20:36:17.394 [main] INFO  testCases.TC002_AccountRegistrationDDT -*******Starting Test Case TC001_AccountRegistrationTest**********
20:36:18.075 [main] INFO  testCases.TC002_AccountRegistrationDDT -********Providing customer details*********
20:36:20.420 [main] INFO  testCases.TC002_AccountRegistrationDDT -*******Starting Test Case TC001_AccountRegistrationTest**********
20:36:21.206 [main] INFO  testCases.TC002_AccountRegistrationDDT -********Providing customer details*********
20:36:23.368 [main] INFO  testCases.TC002_AccountRegistrationDDT -*******Starting Test Case TC001_AccountRegistrationTest**********
20:36:23.919 [main] INFO  testCases.TC002_AccountRegistrationDDT -********Providing customer details*********
20:36:25.958 [main] INFO  testCases.TC002_AccountRegistrationDDT -*******Starting Test Case TC001_AccountRegistrationTest**********
20:36:26.560 [main] INFO  testCases.TC002_AccountRegistrationDDT -********Providing customer details*********
20:36:28.956 [main] INFO  testCases.TC002_AccountRegistrationDDT -*******Starting Test Case TC001_AccountRegistrationTest**********
20:36:29.478 [main] INFO  testCases.TC002_AccountRegistrationDDT -********Providing customer details*********
20:36:31.381 [main] INFO  testCases.TC002_AccountRegistrationDDT -*******Starting Test Case TC001_AccountRegistrationTest**********
20:36:31.884 [main] INFO  testCases.TC002_AccountRegistrationDDT -********Providing customer details*********
20:36:45.975 [main] DEBUG org.apache.poi.openxml4j.opc.PackageRelationshipCollection -Parsing relationship: /xl/_rels/workbook.xml.rels
20:36:45.977 [main] DEBUG org.apache.poi.openxml4j.opc.PackageRelationshipCollection -Parsing relationship: /xl/worksheets/_rels/sheet1.xml.rels
20:36:45.978 [main] DEBUG org.apache.poi.openxml4j.opc.PackageRelationshipCollection -Parsing relationship: /xl/worksheets/_rels/sheet2.xml.rels
20:36:45.979 [main] DEBUG org.apache.poi.openxml4j.opc.PackageRelationshipCollection -Parsing relationship: /_rels/.rels
20:36:46.037 [main] DEBUG org.apache.poi.openxml4j.opc.PackageRelationshipCollection -Parsing relationship: /xl/_rels/workbook.xml.rels
20:36:46.037 [main] DEBUG org.apache.poi.openxml4j.opc.PackageRelationshipCollection -Parsing relationship: /xl/worksheets/_rels/sheet1.xml.rels
20:36:46.039 [main] DEBUG org.apache.poi.openxml4j.opc.PackageRelationshipCollection -Parsing relationship: /xl/worksheets/_rels/sheet2.xml.rels
20:36:46.040 [main] DEBUG org.apache.poi.openxml4j.opc.PackageRelationshipCollection -Parsing relationship: /_rels/.rels
20:36:46.078 [main] DEBUG org.apache.poi.openxml4j.opc.PackageRelationshipCollection -Parsing relationship: /xl/_rels/workbook.xml.rels
20:36:46.088 [main] DEBUG org.apache.poi.openxml4j.opc.PackageRelationshipCollection -Parsing relationship: /xl/worksheets/_rels/sheet1.xml.rels
20:36:46.091 [main] DEBUG org.apache.poi.openxml4j.opc.PackageRelationshipCollection -Parsing relationship: /xl/worksheets/_rels/sheet2.xml.rels
20:36:46.091 [main] DEBUG org.apache.poi.openxml4j.opc.PackageRelationshipCollection -Parsing relationship: /_rels/.rels
20:36:46.140 [main] DEBUG org.apache.poi.openxml4j.opc.PackageRelationshipCollection -Parsing relationship: /xl/_rels/workbook.xml.rels
20:36:46.142 [main] DEBUG org.apache.poi.openxml4j.opc.PackageRelationshipCollection -Parsing relationship: /xl/worksheets/_rels/sheet1.xml.rels
20:36:46.143 [main] DEBUG org.apache.poi.openxml4j.opc.PackageRelationshipCollection -Parsing relationship: /xl/worksheets/_rels/sheet2.xml.rels
20:36:46.143 [main] DEBUG org.apache.poi.openxml4j.opc.PackageRelationshipCollection -Parsing relationship: /_rels/.rels
20:36:46.192 [main] DEBUG org.apache.poi.openxml4j.opc.PackageRelationshipCollection -Parsing relationship: /xl/_rels/workbook.xml.rels
20:36:46.193 [main] DEBUG org.apache.poi.openxml4j.opc.PackageRelationshipCollection -Parsing relationship: /xl/worksheets/_rels/sheet1.xml.rels
20:36:46.194 [main] DEBUG org.apache.poi.openxml4j.opc.PackageRelationshipCollection -Parsing relationship: /xl/worksheets/_rels/sheet2.xml.rels
20:36:46.194 [main] DEBUG org.apache.poi.openxml4j.opc.PackageRelationshipCollection -Parsing relationship: /_rels/.rels
20:36:46.236 [main] DEBUG org.apache.poi.openxml4j.opc.PackageRelationshipCollection -Parsing relationship: /xl/_rels/workbook.xml.rels
20:36:46.239 [main] DEBUG org.apache.poi.openxml4j.opc.PackageRelationshipCollection -Parsing relationship: /xl/worksheets/_rels/sheet1.xml.rels
20:36:46.239 [main] DEBUG org.apache.poi.openxml4j.opc.PackageRelationshipCollection -Parsing relationship: /xl/worksheets/_rels/sheet2.xml.rels
20:36:46.240 [main] DEBUG org.apache.poi.openxml4j.opc.PackageRelationshipCollection -Parsing relationship: /_rels/.rels
20:36:46.272 [main] DEBUG org.apache.poi.openxml4j.opc.PackageRelationshipCollection -Parsing relationship: /xl/_rels/workbook.xml.rels
20:36:46.272 [main] DEBUG org.apache.poi.openxml4j.opc.PackageRelationshipCollection -Parsing relationship: /xl/worksheets/_rels/sheet1.xml.rels
20:36:46.273 [main] DEBUG org.apache.poi.openxml4j.opc.PackageRelationshipCollection -Parsing relationship: /xl/worksheets/_rels/sheet2.xml.rels
20:36:46.273 [main] DEBUG org.apache.poi.openxml4j.opc.PackageRelationshipCollection -Parsing relationship: /_rels/.rels
20:36:46.307 [main] DEBUG org.apache.poi.openxml4j.opc.PackageRelationshipCollection -Parsing relationship: /xl/_rels/workbook.xml.rels
20:36:46.307 [main] DEBUG org.apache.poi.openxml4j.opc.PackageRelationshipCollection -Parsing relationship: /xl/worksheets/_rels/sheet1.xml.rels
20:36:46.309 [main] DEBUG org.apache.poi.openxml4j.opc.PackageRelationshipCollection -Parsing relationship: /xl/worksheets/_rels/sheet2.xml.rels
20:36:46.310 [main] DEBUG org.apache.poi.openxml4j.opc.PackageRelationshipCollection -Parsing relationship: /_rels/.rels
20:36:46.374 [main] DEBUG org.apache.poi.openxml4j.opc.PackageRelationshipCollection -Parsing relationship: /xl/_rels/workbook.xml.rels
20:36:46.375 [main] DEBUG org.apache.poi.openxml4j.opc.PackageRelationshipCollection -Parsing relationship: /xl/worksheets/_rels/sheet1.xml.rels
20:36:46.376 [main] DEBUG org.apache.poi.openxml4j.opc.PackageRelationshipCollection -Parsing relationship: /xl/worksheets/_rels/sheet2.xml.rels
20:36:46.377 [main] DEBUG org.apache.poi.openxml4j.opc.PackageRelationshipCollection -Parsing relationship: /_rels/.rels
20:36:46.424 [main] DEBUG org.apache.poi.openxml4j.opc.PackageRelationshipCollection -Parsing relationship: /xl/_rels/workbook.xml.rels
20:36:46.425 [main] DEBUG org.apache.poi.openxml4j.opc.PackageRelationshipCollection -Parsing relationship: /xl/worksheets/_rels/sheet1.xml.rels
20:36:46.426 [main] DEBUG org.apache.poi.openxml4j.opc.PackageRelationshipCollection -Parsing relationship: /xl/worksheets/_rels/sheet2.xml.rels
20:36:46.426 [main] DEBUG org.apache.poi.openxml4j.opc.PackageRelationshipCollection -Parsing relationship: /_rels/.rels
20:36:46.464 [main] DEBUG org.apache.poi.openxml4j.opc.PackageRelationshipCollection -Parsing relationship: /xl/_rels/workbook.xml.rels
20:36:46.466 [main] DEBUG org.apache.poi.openxml4j.opc.PackageRelationshipCollection -Parsing relationship: /xl/worksheets/_rels/sheet1.xml.rels
20:36:46.467 [main] DEBUG org.apache.poi.openxml4j.opc.PackageRelationshipCollection -Parsing relationship: /xl/worksheets/_rels/sheet2.xml.rels
20:36:46.467 [main] DEBUG org.apache.poi.openxml4j.opc.PackageRelationshipCollection -Parsing relationship: /_rels/.rels
20:36:46.502 [main] DEBUG org.apache.poi.openxml4j.opc.PackageRelationshipCollection -Parsing relationship: /xl/_rels/workbook.xml.rels
20:36:46.503 [main] DEBUG org.apache.poi.openxml4j.opc.PackageRelationshipCollection -Parsing relationship: /xl/worksheets/_rels/sheet1.xml.rels
20:36:46.504 [main] DEBUG org.apache.poi.openxml4j.opc.PackageRelationshipCollection -Parsing relationship: /xl/worksheets/_rels/sheet2.xml.rels
20:36:46.505 [main] DEBUG org.apache.poi.openxml4j.opc.PackageRelationshipCollection -Parsing relationship: /_rels/.rels
20:36:46.557 [main] DEBUG org.apache.poi.openxml4j.opc.PackageRelationshipCollection -Parsing relationship: /xl/_rels/workbook.xml.rels
20:36:46.559 [main] DEBUG org.apache.poi.openxml4j.opc.PackageRelationshipCollection -Parsing relationship: /xl/worksheets/_rels/sheet1.xml.rels
20:36:46.575 [main] DEBUG org.apache.poi.openxml4j.opc.PackageRelationshipCollection -Parsing relationship: /xl/worksheets/_rels/sheet2.xml.rels
20:36:46.576 [main] DEBUG org.apache.poi.openxml4j.opc.PackageRelationshipCollection -Parsing relationship: /_rels/.rels
20:36:46.629 [main] DEBUG org.apache.poi.openxml4j.opc.PackageRelationshipCollection -Parsing relationship: /xl/_rels/workbook.xml.rels
20:36:46.630 [main] DEBUG org.apache.poi.openxml4j.opc.PackageRelationshipCollection -Parsing relationship: /xl/worksheets/_rels/sheet1.xml.rels
20:36:46.639 [main] DEBUG org.apache.poi.openxml4j.opc.PackageRelationshipCollection -Parsing relationship: /xl/worksheets/_rels/sheet2.xml.rels
20:36:46.643 [main] DEBUG org.apache.poi.openxml4j.opc.PackageRelationshipCollection -Parsing relationship: /_rels/.rels
20:36:46.677 [main] DEBUG org.apache.poi.openxml4j.opc.PackageRelationshipCollection -Parsing relationship: /xl/_rels/workbook.xml.rels
20:36:46.679 [main] DEBUG org.apache.poi.openxml4j.opc.PackageRelationshipCollection -Parsing relationship: /xl/worksheets/_rels/sheet1.xml.rels
20:36:46.679 [main] DEBUG org.apache.poi.openxml4j.opc.PackageRelationshipCollection -Parsing relationship: /xl/worksheets/_rels/sheet2.xml.rels
20:36:46.681 [main] DEBUG org.apache.poi.openxml4j.opc.PackageRelationshipCollection -Parsing relationship: /_rels/.rels
20:36:46.720 [main] DEBUG org.apache.poi.openxml4j.opc.PackageRelationshipCollection -Parsing relationship: /xl/_rels/workbook.xml.rels
20:36:46.721 [main] DEBUG org.apache.poi.openxml4j.opc.PackageRelationshipCollection -Parsing relationship: /xl/worksheets/_rels/sheet1.xml.rels
20:36:46.722 [main] DEBUG org.apache.poi.openxml4j.opc.PackageRelationshipCollection -Parsing relationship: /xl/worksheets/_rels/sheet2.xml.rels
20:36:46.723 [main] DEBUG org.apache.poi.openxml4j.opc.PackageRelationshipCollection -Parsing relationship: /_rels/.rels
20:36:46.763 [main] DEBUG org.apache.poi.openxml4j.opc.PackageRelationshipCollection -Parsing relationship: /xl/_rels/workbook.xml.rels
20:36:46.764 [main] DEBUG org.apache.poi.openxml4j.opc.PackageRelationshipCollection -Parsing relationship: /xl/worksheets/_rels/sheet1.xml.rels
20:36:46.764 [main] DEBUG org.apache.poi.openxml4j.opc.PackageRelationshipCollection -Parsing relationship: /xl/worksheets/_rels/sheet2.xml.rels
20:36:46.766 [main] DEBUG org.apache.poi.openxml4j.opc.PackageRelationshipCollection -Parsing relationship: /_rels/.rels
20:36:46.796 [main] DEBUG org.apache.poi.openxml4j.opc.PackageRelationshipCollection -Parsing relationship: /xl/_rels/workbook.xml.rels
20:36:46.797 [main] DEBUG org.apache.poi.openxml4j.opc.PackageRelationshipCollection -Parsing relationship: /xl/worksheets/_rels/sheet1.xml.rels
20:36:46.797 [main] DEBUG org.apache.poi.openxml4j.opc.PackageRelationshipCollection -Parsing relationship: /xl/worksheets/_rels/sheet2.xml.rels
20:36:46.809 [main] DEBUG org.apache.poi.openxml4j.opc.PackageRelationshipCollection -Parsing relationship: /_rels/.rels
20:36:46.876 [main] DEBUG org.apache.poi.openxml4j.opc.PackageRelationshipCollection -Parsing relationship: /xl/_rels/workbook.xml.rels
20:36:46.897 [main] DEBUG org.apache.poi.openxml4j.opc.PackageRelationshipCollection -Parsing relationship: /xl/worksheets/_rels/sheet1.xml.rels
20:36:46.898 [main] DEBUG org.apache.poi.openxml4j.opc.PackageRelationshipCollection -Parsing relationship: /xl/worksheets/_rels/sheet2.xml.rels
20:36:46.925 [main] DEBUG org.apache.poi.openxml4j.opc.PackageRelationshipCollection -Parsing relationship: /_rels/.rels
20:36:46.960 [main] DEBUG org.apache.poi.openxml4j.opc.PackageRelationshipCollection -Parsing relationship: /xl/_rels/workbook.xml.rels
20:36:46.960 [main] DEBUG org.apache.poi.openxml4j.opc.PackageRelationshipCollection -Parsing relationship: /xl/worksheets/_rels/sheet1.xml.rels
20:36:46.961 [main] DEBUG org.apache.poi.openxml4j.opc.PackageRelationshipCollection -Parsing relationship: /xl/worksheets/_rels/sheet2.xml.rels
20:36:46.961 [main] DEBUG org.apache.poi.openxml4j.opc.PackageRelationshipCollection -Parsing relationship: /_rels/.rels
20:36:46.995 [main] DEBUG org.apache.poi.openxml4j.opc.PackageRelationshipCollection -Parsing relationship: /xl/_rels/workbook.xml.rels
20:36:46.997 [main] DEBUG org.apache.poi.openxml4j.opc.PackageRelationshipCollection -Parsing relationship: /xl/worksheets/_rels/sheet1.xml.rels
20:36:47.004 [main] DEBUG org.apache.poi.openxml4j.opc.PackageRelationshipCollection -Parsing relationship: /xl/worksheets/_rels/sheet2.xml.rels
20:36:47.006 [main] DEBUG org.apache.poi.openxml4j.opc.PackageRelationshipCollection -Parsing relationship: /_rels/.rels
20:36:47.092 [main] DEBUG org.apache.poi.openxml4j.opc.PackageRelationshipCollection -Parsing relationship: /xl/_rels/workbook.xml.rels
20:36:47.093 [main] DEBUG org.apache.poi.openxml4j.opc.PackageRelationshipCollection -Parsing relationship: /xl/worksheets/_rels/sheet1.xml.rels
20:36:47.094 [main] DEBUG org.apache.poi.openxml4j.opc.PackageRelationshipCollection -Parsing relationship: /xl/worksheets/_rels/sheet2.xml.rels
20:36:47.095 [main] DEBUG org.apache.poi.openxml4j.opc.PackageRelationshipCollection -Parsing relationship: /_rels/.rels
20:36:47.330 [main] DEBUG org.apache.poi.openxml4j.opc.PackageRelationshipCollection -Parsing relationship: /xl/_rels/workbook.xml.rels
20:36:47.331 [main] DEBUG org.apache.poi.openxml4j.opc.PackageRelationshipCollection -Parsing relationship: /xl/worksheets/_rels/sheet1.xml.rels
20:36:47.331 [main] DEBUG org.apache.poi.openxml4j.opc.PackageRelationshipCollection -Parsing relationship: /xl/worksheets/_rels/sheet2.xml.rels
20:36:47.348 [main] DEBUG org.apache.poi.openxml4j.opc.PackageRelationshipCollection -Parsing relationship: /_rels/.rels
20:36:47.497 [main] DEBUG org.apache.poi.openxml4j.opc.PackageRelationshipCollection -Parsing relationship: /xl/_rels/workbook.xml.rels
20:36:47.498 [main] DEBUG org.apache.poi.openxml4j.opc.PackageRelationshipCollection -Parsing relationship: /xl/worksheets/_rels/sheet1.xml.rels
20:36:47.499 [main] DEBUG org.apache.poi.openxml4j.opc.PackageRelationshipCollection -Parsing relationship: /xl/worksheets/_rels/sheet2.xml.rels
20:36:47.510 [main] DEBUG org.apache.poi.openxml4j.opc.PackageRelationshipCollection -Parsing relationship: /_rels/.rels
20:36:47.684 [main] DEBUG org.apache.poi.openxml4j.opc.PackageRelationshipCollection -Parsing relationship: /xl/_rels/workbook.xml.rels
20:36:47.687 [main] DEBUG org.apache.poi.openxml4j.opc.PackageRelationshipCollection -Parsing relationship: /xl/worksheets/_rels/sheet1.xml.rels
20:36:47.688 [main] DEBUG org.apache.poi.openxml4j.opc.PackageRelationshipCollection -Parsing relationship: /xl/worksheets/_rels/sheet2.xml.rels
20:36:47.689 [main] DEBUG org.apache.poi.openxml4j.opc.PackageRelationshipCollection -Parsing relationship: /_rels/.rels
20:36:47.834 [main] DEBUG org.apache.poi.openxml4j.opc.PackageRelationshipCollection -Parsing relationship: /xl/_rels/workbook.xml.rels
20:36:48.016 [main] DEBUG org.apache.poi.openxml4j.opc.PackageRelationshipCollection -Parsing relationship: /xl/worksheets/_rels/sheet1.xml.rels
20:36:48.059 [main] DEBUG org.apache.poi.openxml4j.opc.PackageRelationshipCollection -Parsing relationship: /xl/worksheets/_rels/sheet2.xml.rels
20:36:48.061 [main] DEBUG org.apache.poi.openxml4j.opc.PackageRelationshipCollection -Parsing relationship: /_rels/.rels
20:36:48.206 [main] INFO  testCases.TC007_loginDataDrivenTest -*******TC003_loginDataDrivenTest Started******
20:36:49.009 [main] INFO  testCases.TC007_loginDataDrivenTest -******Enter Registered user credentials*********
20:36:53.713 [main] INFO  testCases.TC007_loginDataDrivenTest -**********TC002_LoginTest Completed******
20:36:53.749 [main] INFO  testCases.TC007_loginDataDrivenTest -*******TC003_loginDataDrivenTest Started******
20:36:54.298 [main] INFO  testCases.TC007_loginDataDrivenTest -******Enter Registered user credentials*********
20:37:18.307 [main] INFO  testCases.TC007_loginDataDrivenTest -**********TC002_LoginTest Completed******
20:37:18.311 [main] INFO  testCases.TC007_loginDataDrivenTest -*******TC003_loginDataDrivenTest Started******
20:37:19.087 [main] INFO  testCases.TC007_loginDataDrivenTest -******Enter Registered user credentials*********
20:37:43.021 [main] INFO  testCases.TC007_loginDataDrivenTest -**********TC002_LoginTest Completed******
20:37:43.026 [main] INFO  testCases.TC007_loginDataDrivenTest -*******TC003_loginDataDrivenTest Started******
20:37:44.293 [main] INFO  testCases.TC007_loginDataDrivenTest -******Enter Registered user credentials*********
20:38:08.203 [main] INFO  testCases.TC007_loginDataDrivenTest -**********TC002_LoginTest Completed******
20:38:08.208 [main] INFO  testCases.TC007_loginDataDrivenTest -*******TC003_loginDataDrivenTest Started******
20:38:10.344 [main] INFO  testCases.TC007_loginDataDrivenTest -******Enter Registered user credentials*********
20:38:17.897 [main] INFO  testCases.TC007_loginDataDrivenTest -**********TC002_LoginTest Completed******
20:38:17.916 [main] INFO  testCases.TC007_loginDataDrivenTest -*******TC003_loginDataDrivenTest Started******
20:38:18.403 [main] INFO  testCases.TC007_loginDataDrivenTest -******Enter Registered user credentials*********
20:38:43.449 [main] INFO  testCases.TC007_loginDataDrivenTest -**********TC002_LoginTest Completed******
20:38:43.455 [main] INFO  testCases.TC007_loginDataDrivenTest -*******TC003_loginDataDrivenTest Started******
20:38:44.331 [main] INFO  testCases.TC007_loginDataDrivenTest -******Enter Registered user credentials*********
20:39:08.294 [main] INFO  testCases.TC007_loginDataDrivenTest -**********TC002_LoginTest Completed******
20:39:08.303 [main] INFO  testCases.TC007_loginDataDrivenTest -*******TC003_loginDataDrivenTest Started******
20:39:08.707 [main] INFO  testCases.TC007_loginDataDrivenTest -******Enter Registered user credentials*********
20:39:32.694 [main] INFO  testCases.TC007_loginDataDrivenTest -**********TC002_LoginTest Completed******
00:02:23.620 [main] DEBUG org.testng.TestNG -suiteXmlPath: "E:\Eclipse_New\SeleniumFramework\master.xml"
00:08:16.612 [main] DEBUG org.testng.TestNG -suiteXmlPath: "E:\Eclipse_New\SeleniumFramework\master.xml"
00:08:17.864 [main] INFO  org.testng.internal.Utils -[TestNG] Running:
  E:\Eclipse_New\SeleniumFramework\master.xml

00:09:34.132 [main] DEBUG org.apache.poi.openxml4j.opc.PackageRelationshipCollection -Parsing relationship: /xl/_rels/workbook.xml.rels
00:09:34.139 [main] DEBUG org.apache.poi.openxml4j.opc.PackageRelationshipCollection -Parsing relationship: /xl/worksheets/_rels/sheet1.xml.rels
00:09:34.145 [main] DEBUG org.apache.poi.openxml4j.opc.PackageRelationshipCollection -Parsing relationship: /xl/worksheets/_rels/sheet2.xml.rels
00:09:34.150 [main] DEBUG org.apache.poi.openxml4j.opc.PackageRelationshipCollection -Parsing relationship: /_rels/.rels
00:09:39.473 [main] DEBUG org.apache.poi.openxml4j.opc.PackageRelationshipCollection -Parsing relationship: /xl/_rels/workbook.xml.rels
00:09:39.476 [main] DEBUG org.apache.poi.openxml4j.opc.PackageRelationshipCollection -Parsing relationship: /xl/worksheets/_rels/sheet1.xml.rels
00:09:39.480 [main] DEBUG org.apache.poi.openxml4j.opc.PackageRelationshipCollection -Parsing relationship: /xl/worksheets/_rels/sheet2.xml.rels
00:09:39.483 [main] DEBUG org.apache.poi.openxml4j.opc.PackageRelationshipCollection -Parsing relationship: /_rels/.rels
00:09:39.715 [main] DEBUG org.apache.poi.openxml4j.opc.PackageRelationshipCollection -Parsing relationship: /xl/_rels/workbook.xml.rels
00:09:39.718 [main] DEBUG org.apache.poi.openxml4j.opc.PackageRelationshipCollection -Parsing relationship: /xl/worksheets/_rels/sheet1.xml.rels
00:09:39.723 [main] DEBUG org.apache.poi.openxml4j.opc.PackageRelationshipCollection -Parsing relationship: /xl/worksheets/_rels/sheet2.xml.rels
00:09:39.727 [main] DEBUG org.apache.poi.openxml4j.opc.PackageRelationshipCollection -Parsing relationship: /_rels/.rels
00:09:39.921 [main] DEBUG org.apache.poi.openxml4j.opc.PackageRelationshipCollection -Parsing relationship: /xl/_rels/workbook.xml.rels
00:09:39.923 [main] DEBUG org.apache.poi.openxml4j.opc.PackageRelationshipCollection -Parsing relationship: /xl/worksheets/_rels/sheet1.xml.rels
00:09:39.927 [main] DEBUG org.apache.poi.openxml4j.opc.PackageRelationshipCollection -Parsing relationship: /xl/worksheets/_rels/sheet2.xml.rels
00:09:39.931 [main] DEBUG org.apache.poi.openxml4j.opc.PackageRelationshipCollection -Parsing relationship: /_rels/.rels
00:09:39.999 [main] DEBUG org.apache.poi.openxml4j.opc.PackageRelationshipCollection -Parsing relationship: /xl/_rels/workbook.xml.rels
00:09:40.001 [main] DEBUG org.apache.poi.openxml4j.opc.PackageRelationshipCollection -Parsing relationship: /xl/worksheets/_rels/sheet1.xml.rels
00:09:40.005 [main] DEBUG org.apache.poi.openxml4j.opc.PackageRelationshipCollection -Parsing relationship: /xl/worksheets/_rels/sheet2.xml.rels
00:09:40.007 [main] DEBUG org.apache.poi.openxml4j.opc.PackageRelationshipCollection -Parsing relationship: /_rels/.rels
00:09:40.070 [main] DEBUG org.apache.poi.openxml4j.opc.PackageRelationshipCollection -Parsing relationship: /xl/_rels/workbook.xml.rels
00:09:40.072 [main] DEBUG org.apache.poi.openxml4j.opc.PackageRelationshipCollection -Parsing relationship: /xl/worksheets/_rels/sheet1.xml.rels
00:09:40.073 [main] DEBUG org.apache.poi.openxml4j.opc.PackageRelationshipCollection -Parsing relationship: /xl/worksheets/_rels/sheet2.xml.rels
00:09:40.076 [main] DEBUG org.apache.poi.openxml4j.opc.PackageRelationshipCollection -Parsing relationship: /_rels/.rels
00:09:40.134 [main] DEBUG org.apache.poi.openxml4j.opc.PackageRelationshipCollection -Parsing relationship: /xl/_rels/workbook.xml.rels
00:09:40.136 [main] DEBUG org.apache.poi.openxml4j.opc.PackageRelationshipCollection -Parsing relationship: /xl/worksheets/_rels/sheet1.xml.rels
00:09:40.138 [main] DEBUG org.apache.poi.openxml4j.opc.PackageRelationshipCollection -Parsing relationship: /xl/worksheets/_rels/sheet2.xml.rels
00:09:40.140 [main] DEBUG org.apache.poi.openxml4j.opc.PackageRelationshipCollection -Parsing relationship: /_rels/.rels
00:09:40.212 [main] DEBUG org.apache.poi.openxml4j.opc.PackageRelationshipCollection -Parsing relationship: /xl/_rels/workbook.xml.rels
00:09:40.214 [main] DEBUG org.apache.poi.openxml4j.opc.PackageRelationshipCollection -Parsing relationship: /xl/worksheets/_rels/sheet1.xml.rels
00:09:40.215 [main] DEBUG org.apache.poi.openxml4j.opc.PackageRelationshipCollection -Parsing relationship: /xl/worksheets/_rels/sheet2.xml.rels
00:09:40.218 [main] DEBUG org.apache.poi.openxml4j.opc.PackageRelationshipCollection -Parsing relationship: /_rels/.rels
00:09:40.294 [main] DEBUG org.apache.poi.openxml4j.opc.PackageRelationshipCollection -Parsing relationship: /xl/_rels/workbook.xml.rels
00:09:40.296 [main] DEBUG org.apache.poi.openxml4j.opc.PackageRelationshipCollection -Parsing relationship: /xl/worksheets/_rels/sheet1.xml.rels
00:09:40.298 [main] DEBUG org.apache.poi.openxml4j.opc.PackageRelationshipCollection -Parsing relationship: /xl/worksheets/_rels/sheet2.xml.rels
00:09:40.301 [main] DEBUG org.apache.poi.openxml4j.opc.PackageRelationshipCollection -Parsing relationship: /_rels/.rels
00:09:40.368 [main] DEBUG org.apache.poi.openxml4j.opc.PackageRelationshipCollection -Parsing relationship: /xl/_rels/workbook.xml.rels
00:09:40.373 [main] DEBUG org.apache.poi.openxml4j.opc.PackageRelationshipCollection -Parsing relationship: /xl/worksheets/_rels/sheet1.xml.rels
00:09:40.375 [main] DEBUG org.apache.poi.openxml4j.opc.PackageRelationshipCollection -Parsing relationship: /xl/worksheets/_rels/sheet2.xml.rels
00:09:40.377 [main] DEBUG org.apache.poi.openxml4j.opc.PackageRelationshipCollection -Parsing relationship: /_rels/.rels
00:09:40.436 [main] DEBUG org.apache.poi.openxml4j.opc.PackageRelationshipCollection -Parsing relationship: /xl/_rels/workbook.xml.rels
00:09:40.440 [main] DEBUG org.apache.poi.openxml4j.opc.PackageRelationshipCollection -Parsing relationship: /xl/worksheets/_rels/sheet1.xml.rels
00:09:40.442 [main] DEBUG org.apache.poi.openxml4j.opc.PackageRelationshipCollection -Parsing relationship: /xl/worksheets/_rels/sheet2.xml.rels
00:09:40.445 [main] DEBUG org.apache.poi.openxml4j.opc.PackageRelationshipCollection -Parsing relationship: /_rels/.rels
00:09:40.513 [main] DEBUG org.apache.poi.openxml4j.opc.PackageRelationshipCollection -Parsing relationship: /xl/_rels/workbook.xml.rels
00:09:40.514 [main] DEBUG org.apache.poi.openxml4j.opc.PackageRelationshipCollection -Parsing relationship: /xl/worksheets/_rels/sheet1.xml.rels
00:09:40.515 [main] DEBUG org.apache.poi.openxml4j.opc.PackageRelationshipCollection -Parsing relationship: /xl/worksheets/_rels/sheet2.xml.rels
00:09:40.517 [main] DEBUG org.apache.poi.openxml4j.opc.PackageRelationshipCollection -Parsing relationship: /_rels/.rels
00:09:40.567 [main] DEBUG org.apache.poi.openxml4j.opc.PackageRelationshipCollection -Parsing relationship: /xl/_rels/workbook.xml.rels
00:09:40.569 [main] DEBUG org.apache.poi.openxml4j.opc.PackageRelationshipCollection -Parsing relationship: /xl/worksheets/_rels/sheet1.xml.rels
00:09:40.571 [main] DEBUG org.apache.poi.openxml4j.opc.PackageRelationshipCollection -Parsing relationship: /xl/worksheets/_rels/sheet2.xml.rels
00:09:40.573 [main] DEBUG org.apache.poi.openxml4j.opc.PackageRelationshipCollection -Parsing relationship: /_rels/.rels
00:09:40.618 [main] DEBUG org.apache.poi.openxml4j.opc.PackageRelationshipCollection -Parsing relationship: /xl/_rels/workbook.xml.rels
00:09:40.619 [main] DEBUG org.apache.poi.openxml4j.opc.PackageRelationshipCollection -Parsing relationship: /xl/worksheets/_rels/sheet1.xml.rels
00:09:40.620 [main] DEBUG org.apache.poi.openxml4j.opc.PackageRelationshipCollection -Parsing relationship: /xl/worksheets/_rels/sheet2.xml.rels
00:09:40.622 [main] DEBUG org.apache.poi.openxml4j.opc.PackageRelationshipCollection -Parsing relationship: /_rels/.rels
00:09:40.667 [main] DEBUG org.apache.poi.openxml4j.opc.PackageRelationshipCollection -Parsing relationship: /xl/_rels/workbook.xml.rels
00:09:40.669 [main] DEBUG org.apache.poi.openxml4j.opc.PackageRelationshipCollection -Parsing relationship: /xl/worksheets/_rels/sheet1.xml.rels
00:09:40.670 [main] DEBUG org.apache.poi.openxml4j.opc.PackageRelationshipCollection -Parsing relationship: /xl/worksheets/_rels/sheet2.xml.rels
00:09:40.672 [main] DEBUG org.apache.poi.openxml4j.opc.PackageRelationshipCollection -Parsing relationship: /_rels/.rels
00:09:40.711 [main] DEBUG org.apache.poi.openxml4j.opc.PackageRelationshipCollection -Parsing relationship: /xl/_rels/workbook.xml.rels
00:09:40.712 [main] DEBUG org.apache.poi.openxml4j.opc.PackageRelationshipCollection -Parsing relationship: /xl/worksheets/_rels/sheet1.xml.rels
00:09:40.714 [main] DEBUG org.apache.poi.openxml4j.opc.PackageRelationshipCollection -Parsing relationship: /xl/worksheets/_rels/sheet2.xml.rels
00:09:40.715 [main] DEBUG org.apache.poi.openxml4j.opc.PackageRelationshipCollection -Parsing relationship: /_rels/.rels
00:09:40.763 [main] DEBUG org.apache.poi.openxml4j.opc.PackageRelationshipCollection -Parsing relationship: /xl/_rels/workbook.xml.rels
00:09:40.765 [main] DEBUG org.apache.poi.openxml4j.opc.PackageRelationshipCollection -Parsing relationship: /xl/worksheets/_rels/sheet1.xml.rels
00:09:40.767 [main] DEBUG org.apache.poi.openxml4j.opc.PackageRelationshipCollection -Parsing relationship: /xl/worksheets/_rels/sheet2.xml.rels
00:09:40.769 [main] DEBUG org.apache.poi.openxml4j.opc.PackageRelationshipCollection -Parsing relationship: /_rels/.rels
00:09:40.812 [main] DEBUG org.apache.poi.openxml4j.opc.PackageRelationshipCollection -Parsing relationship: /xl/_rels/workbook.xml.rels
00:09:40.813 [main] DEBUG org.apache.poi.openxml4j.opc.PackageRelationshipCollection -Parsing relationship: /xl/worksheets/_rels/sheet1.xml.rels
00:09:40.815 [main] DEBUG org.apache.poi.openxml4j.opc.PackageRelationshipCollection -Parsing relationship: /xl/worksheets/_rels/sheet2.xml.rels
00:09:40.817 [main] DEBUG org.apache.poi.openxml4j.opc.PackageRelationshipCollection -Parsing relationship: /_rels/.rels
00:09:40.854 [main] DEBUG org.apache.poi.openxml4j.opc.PackageRelationshipCollection -Parsing relationship: /xl/_rels/workbook.xml.rels
00:09:40.855 [main] DEBUG org.apache.poi.openxml4j.opc.PackageRelationshipCollection -Parsing relationship: /xl/worksheets/_rels/sheet1.xml.rels
00:09:40.857 [main] DEBUG org.apache.poi.openxml4j.opc.PackageRelationshipCollection -Parsing relationship: /xl/worksheets/_rels/sheet2.xml.rels
00:09:40.859 [main] DEBUG org.apache.poi.openxml4j.opc.PackageRelationshipCollection -Parsing relationship: /_rels/.rels
00:09:40.912 [main] DEBUG org.apache.poi.openxml4j.opc.PackageRelationshipCollection -Parsing relationship: /xl/_rels/workbook.xml.rels
00:09:40.913 [main] DEBUG org.apache.poi.openxml4j.opc.PackageRelationshipCollection -Parsing relationship: /xl/worksheets/_rels/sheet1.xml.rels
00:09:40.915 [main] DEBUG org.apache.poi.openxml4j.opc.PackageRelationshipCollection -Parsing relationship: /xl/worksheets/_rels/sheet2.xml.rels
00:09:40.917 [main] DEBUG org.apache.poi.openxml4j.opc.PackageRelationshipCollection -Parsing relationship: /_rels/.rels
00:09:40.963 [main] DEBUG org.apache.poi.openxml4j.opc.PackageRelationshipCollection -Parsing relationship: /xl/_rels/workbook.xml.rels
00:09:40.965 [main] DEBUG org.apache.poi.openxml4j.opc.PackageRelationshipCollection -Parsing relationship: /xl/worksheets/_rels/sheet1.xml.rels
00:09:40.966 [main] DEBUG org.apache.poi.openxml4j.opc.PackageRelationshipCollection -Parsing relationship: /xl/worksheets/_rels/sheet2.xml.rels
00:09:40.968 [main] DEBUG org.apache.poi.openxml4j.opc.PackageRelationshipCollection -Parsing relationship: /_rels/.rels
